  Source.cpp
E:\2020-01\algoritmia\proyectos\29_04\algoritmos1\Source.cpp(7,12): warning C4244: 'argumento': conversión de 'time_t' a 'unsigned int'; posible pérdida de datos
E:\2020-01\algoritmia\proyectos\29_04\algoritmos1\Burbuja.h(14,2): warning C4018: '<': no coinciden signed/unsigned
E:\2020-01\algoritmia\proyectos\29_04\algoritmos1\Burbuja.h(12): message : al compilar la función del miembro clase plantilla "void Burbuja<int>::Ordenar(void)"
E:\2020-01\algoritmia\proyectos\29_04\algoritmos1\Source.cpp(14): message : Vea la referencia a la creación de una instancia de la función plantilla "void Burbuja<int>::Ordenar(void)" que se está compilando
E:\2020-01\algoritmia\proyectos\29_04\algoritmos1\Source.cpp(13): message : Vea la referencia a la creación de una instancia de clase plantilla "Burbuja<int>" que se está compilando
E:\2020-01\algoritmia\proyectos\29_04\algoritmos1\Burbuja.h(18,2): warning C4018: '<': no coinciden signed/unsigned
E:\2020-01\algoritmia\proyectos\29_04\algoritmos1\Principal.h(26,20): warning C4018: '<': no coinciden signed/unsigned
E:\2020-01\algoritmia\proyectos\29_04\algoritmos1\Principal.h(24): message : al compilar la función del miembro clase plantilla "void Principal<T>::mostrar(void)"
          with
          [
              T=int
          ]
E:\2020-01\algoritmia\proyectos\29_04\algoritmos1\Source.cpp(10): message : Vea la referencia a la creación de una instancia de la función plantilla "void Principal<T>::mostrar(void)" que se está compilando
          with
          [
              T=int
          ]
E:\2020-01\algoritmia\proyectos\29_04\algoritmos1\Fisher_Yate.h(6): message : Vea la referencia a la creación de una instancia de clase plantilla "Principal<T>" que se está compilando
          with
          [
              T=int
          ]
E:\2020-01\algoritmia\proyectos\29_04\algoritmos1\Source.cpp(9): message : Vea la referencia a la creación de una instancia de clase plantilla "Fisher<int>" que se está compilando
  algoritmos1.vcxproj -> E:\2020-01\algoritmia\proyectos\29_04\algoritmos1\Debug\algoritmos1.exe
